<?xml version="1.0" encoding="UTF-8"?>
<testng-results ignored="0" total="1" passed="1" failed="0" skipped="0">
  <reporter-output>
  </reporter-output>
  <suite started-at="2022-02-14T11:34:34Z" name="Default suite" finished-at="2022-02-14T11:34:53Z" duration-ms="18871">
    <groups>
    </groups>
    <test started-at="2022-02-14T11:34:34Z" name="Default test" finished-at="2022-02-14T11:34:53Z" duration-ms="18871">
      <class name="com.TEST.Classes.test">
        <test-method is-config="true" signature="beformethod()[pri:0, instance:com.TEST.Classes.test@6bf08014]" started-at="2022-02-14T11:34:34Z" name="beformethod" finished-at="2022-02-14T11:34:43Z" duration-ms="9365" status="PASS">
          <reporter-output>
          </reporter-output>
        </test-method> <!-- beformethod -->
        <test-method signature="test1()[pri:0, instance:com.TEST.Classes.test@6bf08014]" started-at="2022-02-14T11:34:43Z" name="test1" finished-at="2022-02-14T11:34:52Z" duration-ms="8965" status="PASS">
          <reporter-output>
          </reporter-output>
        </test-method> <!-- test1 -->
        <test-method is-config="true" signature="aftermethod()[pri:0, instance:com.TEST.Classes.test@6bf08014]" started-at="2022-02-14T11:34:52Z" name="aftermethod" finished-at="2022-02-14T11:34:53Z" duration-ms="453" status="PASS">
          <reporter-output>
          </reporter-output>
        </test-method> <!-- aftermethod -->
      </class> <!-- com.TEST.Classes.test -->
    </test> <!-- Default test -->
  </suite> <!-- Default suite -->
</testng-results>
